Base path: 'C:/Program Files/Unity/Hub/Editor/2019.2.6f1/Editor/Data', plugins path 'C:/Program Files/Unity/Hub/Editor/2019.2.6f1/Editor/Data/PlaybackEngines'
Cmd: initializeCompiler
Cmd: compileComputeKernel
  error: 1 plat 18 at SoftEffectsCompute.compute(674): implicit truncation of vector type
  error: 1 plat 18 at SoftEffectsCompute.compute(722): implicit truncation of vector type
  error: 1 plat 18 at SoftEffectsCompute.compute(769): implicit truncation of vector type
  error: 1 plat 18 at SoftEffectsCompute.compute(817): implicit truncation of vector type
  error: 1 plat 18 at SoftEffectsCompute.compute(1961): use of potentially uninitialized variable (dir)
  api=18 insize=106449 outsize=12024 ok=1
Cmd: compileComputeKernel
  error: 1 plat 18 at SoftEffectsCompute.compute(674): implicit truncation of vector type
  error: 1 plat 18 at SoftEffectsCompute.compute(722): implicit truncation of vector type
  error: 1 plat 18 at SoftEffectsCompute.compute(769): implicit truncation of vector type
  error: 1 plat 18 at SoftEffectsCompute.compute(817): implicit truncation of vector type
  api=18 insize=106449 outsize=7944 ok=1
Cmd: compileComputeKernel
  error: 1 plat 18 at SoftEffectsCompute.compute(674): implicit truncation of vector type
  error: 1 plat 18 at SoftEffectsCompute.compute(722): implicit truncation of vector type
  error: 1 plat 18 at SoftEffectsCompute.compute(769): implicit truncation of vector type
  error: 1 plat 18 at SoftEffectsCompute.compute(817): implicit truncation of vector type
  api=18 insize=106449 outsize=7154 ok=1
Cmd: compileComputeKernel
  error: 1 plat 18 at SoftEffectsCompute.compute(674): implicit truncation of vector type
  error: 1 plat 18 at SoftEffectsCompute.compute(722): implicit truncation of vector type
  error: 1 plat 18 at SoftEffectsCompute.compute(769): implicit truncation of vector type
  error: 1 plat 18 at SoftEffectsCompute.compute(817): implicit truncation of vector type
  api=18 insize=106449 outsize=6460 ok=1
Cmd: compileComputeKernel
  error: 1 plat 18 at SoftEffectsCompute.compute(674): implicit truncation of vector type
  error: 1 plat 18 at SoftEffectsCompute.compute(722): implicit truncation of vector type
  error: 1 plat 18 at SoftEffectsCompute.compute(769): implicit truncation of vector type
  error: 1 plat 18 at SoftEffectsCompute.compute(817): implicit truncation of vector type
  api=18 insize=106449 outsize=6139 ok=1
Cmd: compileComputeKernel
  error: 1 plat 18 at SoftEffectsCompute.compute(674): implicit truncation of vector type
  error: 1 plat 18 at SoftEffectsCompute.compute(722): implicit truncation of vector type
  error: 1 plat 18 at SoftEffectsCompute.compute(769): implicit truncation of vector type
  error: 1 plat 18 at SoftEffectsCompute.compute(817): implicit truncation of vector type
  api=18 insize=106449 outsize=4889 ok=1
Cmd: compileComputeKernel
  error: 1 plat 18 at SoftEffectsCompute.compute(674): implicit truncation of vector type
  error: 1 plat 18 at SoftEffectsCompute.compute(722): implicit truncation of vector type
  error: 1 plat 18 at SoftEffectsCompute.compute(769): implicit truncation of vector type
  error: 1 plat 18 at SoftEffectsCompute.compute(817): implicit truncation of vector type
  api=18 insize=106449 outsize=9546 ok=1
Cmd: compileComputeKernel
  error: 1 plat 18 at SoftEffectsCompute.compute(674): implicit truncation of vector type
  error: 1 plat 18 at SoftEffectsCompute.compute(722): implicit truncation of vector type
  error: 1 plat 18 at SoftEffectsCompute.compute(769): implicit truncation of vector type
  error: 1 plat 18 at SoftEffectsCompute.compute(817): implicit truncation of vector type
  api=18 insize=106449 outsize=10429 ok=1
Cmd: compileComputeKernel
  error: 1 plat 18 at SoftEffectsCompute.compute(674): implicit truncation of vector type
  error: 1 plat 18 at SoftEffectsCompute.compute(722): implicit truncation of vector type
  error: 1 plat 18 at SoftEffectsCompute.compute(769): implicit truncation of vector type
  error: 1 plat 18 at SoftEffectsCompute.compute(817): implicit truncation of vector type
  api=18 insize=106449 outsize=9402 ok=1
Cmd: compileComputeKernel
  error: 1 plat 18 at SoftEffectsCompute.compute(674): implicit truncation of vector type
  error: 1 plat 18 at SoftEffectsCompute.compute(722): implicit truncation of vector type
  error: 1 plat 18 at SoftEffectsCompute.compute(769): implicit truncation of vector type
  error: 1 plat 18 at SoftEffectsCompute.compute(817): implicit truncation of vector type
  api=18 insize=106449 outsize=9918 ok=1
Cmd: compileComputeKernel
  error: 1 plat 18 at SoftEffectsCompute.compute(674): implicit truncation of vector type
  error: 1 plat 18 at SoftEffectsCompute.compute(722): implicit truncation of vector type
  error: 1 plat 18 at SoftEffectsCompute.compute(769): implicit truncation of vector type
  error: 1 plat 18 at SoftEffectsCompute.compute(817): implicit truncation of vector type
  api=18 insize=106449 outsize=2332 ok=1
Cmd: compileComputeKernel
  error: 1 plat 18 at SoftEffectsCompute.compute(674): implicit truncation of vector type
  error: 1 plat 18 at SoftEffectsCompute.compute(722): implicit truncation of vector type
  error: 1 plat 18 at SoftEffectsCompute.compute(769): implicit truncation of vector type
  error: 1 plat 18 at SoftEffectsCompute.compute(817): implicit truncation of vector type
  api=18 insize=106449 outsize=9693 ok=1
Cmd: compileComputeKernel
  error: 1 plat 18 at SoftEffectsCompute.compute(674): implicit truncation of vector type
  error: 1 plat 18 at SoftEffectsCompute.compute(722): implicit truncation of vector type
  error: 1 plat 18 at SoftEffectsCompute.compute(769): implicit truncation of vector type
  error: 1 plat 18 at SoftEffectsCompute.compute(817): implicit truncation of vector type
  api=18 insize=106449 outsize=9723 ok=1
Cmd: compileComputeKernel
  error: 1 plat 18 at SoftEffectsCompute.compute(674): implicit truncation of vector type
  error: 1 plat 18 at SoftEffectsCompute.compute(722): implicit truncation of vector type
  error: 1 plat 18 at SoftEffectsCompute.compute(769): implicit truncation of vector type
  error: 1 plat 18 at SoftEffectsCompute.compute(817): implicit truncation of vector type
  api=18 insize=106449 outsize=9243 ok=1
Cmd: compileComputeKernel
  error: 1 plat 18 at SoftEffectsCompute.compute(674): implicit truncation of vector type
  error: 1 plat 18 at SoftEffectsCompute.compute(722): implicit truncation of vector type
  error: 1 plat 18 at SoftEffectsCompute.compute(769): implicit truncation of vector type
  error: 1 plat 18 at SoftEffectsCompute.compute(817): implicit truncation of vector type
  api=18 insize=106449 outsize=8804 ok=1
Cmd: compileComputeKernel
  error: 1 plat 18 at SoftEffectsCompute.compute(674): implicit truncation of vector type
  error: 1 plat 18 at SoftEffectsCompute.compute(722): implicit truncation of vector type
  error: 1 plat 18 at SoftEffectsCompute.compute(769): implicit truncation of vector type
  error: 1 plat 18 at SoftEffectsCompute.compute(817): implicit truncation of vector type
  error: 1 plat 18 at SoftEffectsCompute.compute(2356): integer divides may be much slower, try using uints if possible.
  api=18 insize=106449 outsize=15516 ok=1
Cmd: compileComputeKernel
  error: 1 plat 18 at SoftEffectsCompute.compute(674): implicit truncation of vector type
  error: 1 plat 18 at SoftEffectsCompute.compute(722): implicit truncation of vector type
  error: 1 plat 18 at SoftEffectsCompute.compute(769): implicit truncation of vector type
  error: 1 plat 18 at SoftEffectsCompute.compute(817): implicit truncation of vector type
  error: 1 plat 18 at SoftEffectsCompute.compute(2398): integer divides may be much slower, try using uints if possible.
  error: 1 plat 18 at SoftEffectsCompute.compute(2399): integer divides may be much slower, try using uints if possible.
  api=18 insize=106449 outsize=16219 ok=1
Cmd: compileComputeKernel
  error: 1 plat 18 at SoftEffectsCompute.compute(674): implicit truncation of vector type
  error: 1 plat 18 at SoftEffectsCompute.compute(722): implicit truncation of vector type
  error: 1 plat 18 at SoftEffectsCompute.compute(769): implicit truncation of vector type
  error: 1 plat 18 at SoftEffectsCompute.compute(817): implicit truncation of vector type
  api=18 insize=106449 outsize=6800 ok=1
Cmd: compileComputeKernel
  error: 1 plat 18 at SoftEffectsCompute.compute(674): implicit truncation of vector type
  error: 1 plat 18 at SoftEffectsCompute.compute(722): implicit truncation of vector type
  error: 1 plat 18 at SoftEffectsCompute.compute(769): implicit truncation of vector type
  error: 1 plat 18 at SoftEffectsCompute.compute(817): implicit truncation of vector type
  api=18 insize=106449 outsize=7998 ok=1
Cmd: compileComputeKernel
  error: 1 plat 9 at SoftEffectsCompute.compute(674): implicit truncation of vector type
  error: 1 plat 9 at SoftEffectsCompute.compute(722): implicit truncation of vector type
  error: 1 plat 9 at SoftEffectsCompute.compute(769): implicit truncation of vector type
  error: 1 plat 9 at SoftEffectsCompute.compute(817): implicit truncation of vector type
  api=9 insize=106449 outsize=5667 ok=1
Cmd: compileComputeKernel
  error: 1 plat 9 at SoftEffectsCompute.compute(674): implicit truncation of vector type
  error: 1 plat 9 at SoftEffectsCompute.compute(722): implicit truncation of vector type
  error: 1 plat 9 at SoftEffectsCompute.compute(769): implicit truncation of vector type
  error: 1 plat 9 at SoftEffectsCompute.compute(817): implicit truncation of vector type
  api=9 insize=106449 outsize=1018 ok=1
Cmd: compileComputeKernel
  error: 1 plat 9 at SoftEffectsCompute.compute(674): implicit truncation of vector type
  error: 1 plat 9 at SoftEffectsCompute.compute(722): implicit truncation of vector type
  error: 1 plat 9 at SoftEffectsCompute.compute(769): implicit truncation of vector type
  error: 1 plat 9 at SoftEffectsCompute.compute(817): implicit truncation of vector type
  api=9 insize=106449 outsize=1597 ok=1
Cmd: compileComputeKernel
  error: 1 plat 9 at SoftEffectsCompute.compute(674): implicit truncation of vector type
  error: 1 plat 9 at SoftEffectsCompute.compute(722): implicit truncation of vector type
  error: 1 plat 9 at SoftEffectsCompute.compute(769): implicit truncation of vector type
  error: 1 plat 9 at SoftEffectsCompute.compute(817): implicit truncation of vector type
  api=9 insize=106449 outsize=2934 ok=1
Cmd: compileComputeKernel
  error: 1 plat 9 at SoftEffectsCompute.compute(674): implicit truncation of vector type
  error: 1 plat 9 at SoftEffectsCompute.compute(722): implicit truncation of vector type
  error: 1 plat 9 at SoftEffectsCompute.compute(769): implicit truncation of vector type
  error: 1 plat 9 at SoftEffectsCompute.compute(817): implicit truncation of vector type
  api=9 insize=106449 outsize=3458 ok=1
Cmd: compileComputeKernel
  error: 1 plat 9 at SoftEffectsCompute.compute(674): implicit truncation of vector type
  error: 1 plat 9 at SoftEffectsCompute.compute(722): implicit truncation of vector type
  error: 1 plat 9 at SoftEffectsCompute.compute(769): implicit truncation of vector type
  error: 1 plat 9 at SoftEffectsCompute.compute(817): implicit truncation of vector type
  api=9 insize=106449 outsize=3249 ok=1
Cmd: compileComputeKernel
  error: 1 plat 9 at SoftEffectsCompute.compute(674): implicit truncation of vector type
  error: 1 plat 9 at SoftEffectsCompute.compute(722): implicit truncation of vector type
  error: 1 plat 9 at SoftEffectsCompute.compute(769): implicit truncation of vector type
  error: 1 plat 9 at SoftEffectsCompute.compute(817): implicit truncation of vector type
  api=9 insize=106449 outsize=3718 ok=1
Cmd: compileComputeKernel
  error: 1 plat 9 at SoftEffectsCompute.compute(674): implicit truncation of vector type
  error: 1 plat 9 at SoftEffectsCompute.compute(722): implicit truncation of vector type
  error: 1 plat 9 at SoftEffectsCompute.compute(769): implicit truncation of vector type
  error: 1 plat 9 at SoftEffectsCompute.compute(817): implicit truncation of vector type
  error: 1 plat 9 at SoftEffectsCompute.compute(3117): integer divides may be much slower, try using uints if possible.
  api=9 insize=106449 outsize=8489 ok=1
Cmd: compileComputeKernel
  error: 1 plat 9 at SoftEffectsCompute.compute(674): implicit truncation of vector type
  error: 1 plat 9 at SoftEffectsCompute.compute(722): implicit truncation of vector type
  error: 1 plat 9 at SoftEffectsCompute.compute(769): implicit truncation of vector type
  error: 1 plat 9 at SoftEffectsCompute.compute(817): implicit truncation of vector type
  api=9 insize=106449 outsize=4112 ok=1
Cmd: compileComputeKernel
  error: 1 plat 9 at SoftEffectsCompute.compute(674): implicit truncation of vector type
  error: 1 plat 9 at SoftEffectsCompute.compute(722): implicit truncation of vector type
  error: 1 plat 9 at SoftEffectsCompute.compute(769): implicit truncation of vector type
  error: 1 plat 9 at SoftEffectsCompute.compute(817): implicit truncation of vector type
  api=9 insize=106449 outsize=1215 ok=1
Cmd: compileComputeKernel
  error: 1 plat 9 at SoftEffectsCompute.compute(674): implicit truncation of vector type
  error: 1 plat 9 at SoftEffectsCompute.compute(722): implicit truncation of vector type
  error: 1 plat 9 at SoftEffectsCompute.compute(769): implicit truncation of vector type
  error: 1 plat 9 at SoftEffectsCompute.compute(817): implicit truncation of vector type
  api=9 insize=106449 outsize=4311 ok=1
Cmd: compileComputeKernel
  error: 1 plat 9 at SoftEffectsCompute.compute(674): implicit truncation of vector type
  error: 1 plat 9 at SoftEffectsCompute.compute(722): implicit truncation of vector type
  error: 1 plat 9 at SoftEffectsCompute.compute(769): implicit truncation of vector type
  error: 1 plat 9 at SoftEffectsCompute.compute(817): implicit truncation of vector type
  api=9 insize=106449 outsize=4315 ok=1
Cmd: compileComputeKernel
  error: 1 plat 9 at SoftEffectsCompute.compute(674): implicit truncation of vector type
  error: 1 plat 9 at SoftEffectsCompute.compute(722): implicit truncation of vector type
  error: 1 plat 9 at SoftEffectsCompute.compute(769): implicit truncation of vector type
  error: 1 plat 9 at SoftEffectsCompute.compute(817): implicit truncation of vector type
  api=9 insize=106449 outsize=4208 ok=1
Cmd: compileComputeKernel
  error: 1 plat 9 at (0): Buffer count exceeding default GL_MAX_SHADER_STORAGE_BUFFER_BINDINGS. Shader might not work on all hw. Consider combining separate buffers into one containing struct elements.
  error: 1 plat 9 at SoftEffectsCompute.compute(674): implicit truncation of vector type
  error: 1 plat 9 at SoftEffectsCompute.compute(722): implicit truncation of vector type
  error: 1 plat 9 at SoftEffectsCompute.compute(769): implicit truncation of vector type
  error: 1 plat 9 at SoftEffectsCompute.compute(817): implicit truncation of vector type
  api=9 insize=106449 outsize=43842 ok=1
Cmd: compileComputeKernel
  error: 1 plat 4 at SoftEffectsCompute.compute(674): implicit truncation of vector type
  error: 1 plat 4 at SoftEffectsCompute.compute(722): implicit truncation of vector type
  error: 1 plat 4 at SoftEffectsCompute.compute(769): implicit truncation of vector type
  error: 1 plat 4 at SoftEffectsCompute.compute(817): implicit truncation of vector type
  api=4 insize=106449 outsize=1746 ok=1
Cmd: compileComputeKernel
  error: 1 plat 4 at SoftEffectsCompute.compute(674): implicit truncation of vector type
  error: 1 plat 4 at SoftEffectsCompute.compute(722): implicit truncation of vector type
  error: 1 plat 4 at SoftEffectsCompute.compute(769): implicit truncation of vector type
  error: 1 plat 4 at SoftEffectsCompute.compute(817): implicit truncation of vector type
  api=4 insize=106449 outsize=1621 ok=1
Cmd: compileComputeKernel
  error: 1 plat 4 at SoftEffectsCompute.compute(674): implicit truncation of vector type
  error: 1 plat 4 at SoftEffectsCompute.compute(722): implicit truncation of vector type
  error: 1 plat 4 at SoftEffectsCompute.compute(769): implicit truncation of vector type
  error: 1 plat 4 at SoftEffectsCompute.compute(817): implicit truncation of vector type
  api=4 insize=106449 outsize=1213 ok=1
Cmd: compileComputeKernel
  error: 1 plat 4 at SoftEffectsCompute.compute(674): implicit truncation of vector type
  error: 1 plat 4 at SoftEffectsCompute.compute(722): implicit truncation of vector type
  error: 1 plat 4 at SoftEffectsCompute.compute(769): implicit truncation of vector type
  error: 1 plat 4 at SoftEffectsCompute.compute(817): implicit truncation of vector type
  api=4 insize=106449 outsize=2725 ok=1
Cmd: compileComputeKernel
  error: 1 plat 4 at SoftEffectsCompute.compute(674): implicit truncation of vector type
  error: 1 plat 4 at SoftEffectsCompute.compute(722): implicit truncation of vector type
  error: 1 plat 4 at SoftEffectsCompute.compute(769): implicit truncation of vector type
  error: 1 plat 4 at SoftEffectsCompute.compute(817): implicit truncation of vector type
  api=4 insize=106449 outsize=1507 ok=1
Cmd: compileComputeKernel
  error: 1 plat 4 at SoftEffectsCompute.compute(674): implicit truncation of vector type
  error: 1 plat 4 at SoftEffectsCompute.compute(722): implicit truncation of vector type
  error: 1 plat 4 at SoftEffectsCompute.compute(769): implicit truncation of vector type
  error: 1 plat 4 at SoftEffectsCompute.compute(817): implicit truncation of vector type
  api=4 insize=106449 outsize=1479 ok=1
Cmd: compileComputeKernel
  error: 1 plat 4 at SoftEffectsCompute.compute(674): implicit truncation of vector type
  error: 1 plat 4 at SoftEffectsCompute.compute(722): implicit truncation of vector type
  error: 1 plat 4 at SoftEffectsCompute.compute(769): implicit truncation of vector type
  error: 1 plat 4 at SoftEffectsCompute.compute(817): implicit truncation of vector type
  api=4 insize=106449 outsize=1478 ok=1
Cmd: compileComputeKernel
  error: 1 plat 4 at SoftEffectsCompute.compute(674): implicit truncation of vector type
  error: 1 plat 4 at SoftEffectsCompute.compute(722): implicit truncation of vector type
  error: 1 plat 4 at SoftEffectsCompute.compute(769): implicit truncation of vector type
  error: 1 plat 4 at SoftEffectsCompute.compute(817): implicit truncation of vector type
  api=4 insize=106449 outsize=1370 ok=1
Cmd: compileComputeKernel
  error: 1 plat 4 at SoftEffectsCompute.compute(674): implicit truncation of vector type
  error: 1 plat 4 at SoftEffectsCompute.compute(722): implicit truncation of vector type
  error: 1 plat 4 at SoftEffectsCompute.compute(769): implicit truncation of vector type
  error: 1 plat 4 at SoftEffectsCompute.compute(817): implicit truncation of vector type
  api=4 insize=106449 outsize=1444 ok=1
Cmd: compileComputeKernel
  error: 1 plat 4 at SoftEffectsCompute.compute(674): implicit truncation of vector type
  error: 1 plat 4 at SoftEffectsCompute.compute(722): implicit truncation of vector type
  error: 1 plat 4 at SoftEffectsCompute.compute(769): implicit truncation of vector type
  error: 1 plat 4 at SoftEffectsCompute.compute(817): implicit truncation of vector type
  error: 1 plat 4 at SoftEffectsCompute.compute(2356): integer divides may be much slower, try using uints if possible.
  api=4 insize=106449 outsize=3184 ok=1
Cmd: compileComputeKernel
  error: 1 plat 4 at SoftEffectsCompute.compute(674): implicit truncation of vector type
  error: 1 plat 4 at SoftEffectsCompute.compute(722): implicit truncation of vector type
  error: 1 plat 4 at SoftEffectsCompute.compute(769): implicit truncation of vector type
  error: 1 plat 4 at SoftEffectsCompute.compute(817): implicit truncation of vector type
  error: 1 plat 4 at SoftEffectsCompute.compute(2398): integer divides may be much slower, try using uints if possible.
  error: 1 plat 4 at SoftEffectsCompute.compute(2399): integer divides may be much slower, try using uints if possible.
  api=4 insize=106449 outsize=3111 ok=1
Cmd: compileComputeKernel
  error: 1 plat 4 at SoftEffectsCompute.compute(674): implicit truncation of vector type
  error: 1 plat 4 at SoftEffectsCompute.compute(722): implicit truncation of vector type
  error: 1 plat 4 at SoftEffectsCompute.compute(769): implicit truncation of vector type
  error: 1 plat 4 at SoftEffectsCompute.compute(817): implicit truncation of vector type
  api=4 insize=106449 outsize=1293 ok=1
Cmd: compileComputeKernel
  error: 1 plat 4 at SoftEffectsCompute.compute(674): implicit truncation of vector type
  error: 1 plat 4 at SoftEffectsCompute.compute(722): implicit truncation of vector type
  error: 1 plat 4 at SoftEffectsCompute.compute(769): implicit truncation of vector type
  error: 1 plat 4 at SoftEffectsCompute.compute(817): implicit truncation of vector type
  api=4 insize=106449 outsize=830 ok=1
Cmd: compileComputeKernel
  error: 1 plat 4 at SoftEffectsCompute.compute(674): implicit truncation of vector type
  error: 1 plat 4 at SoftEffectsCompute.compute(722): implicit truncation of vector type
  error: 1 plat 4 at SoftEffectsCompute.compute(769): implicit truncation of vector type
  error: 1 plat 4 at SoftEffectsCompute.compute(817): implicit truncation of vector type
  api=4 insize=106449 outsize=1034 ok=1
