Base path: 'C:/Program Files/Unity/Hub/Editor/2019.2.6f1/Editor/Data', plugins path 'C:/Program Files/Unity/Hub/Editor/2019.2.6f1/Editor/Data/PlaybackEngines'
Cmd: initializeCompiler
Cmd: compileComputeKernel
  error: 1 plat 18 at SoftEffectsCompute.compute(674): implicit truncation of vector type
  error: 1 plat 18 at SoftEffectsCompute.compute(722): implicit truncation of vector type
  error: 1 plat 18 at SoftEffectsCompute.compute(769): implicit truncation of vector type
  error: 1 plat 18 at SoftEffectsCompute.compute(817): implicit truncation of vector type
  api=18 insize=106449 outsize=11185 ok=1
Cmd: compileComputeKernel
  error: 1 plat 18 at SoftEffectsCompute.compute(674): implicit truncation of vector type
  error: 1 plat 18 at SoftEffectsCompute.compute(722): implicit truncation of vector type
  error: 1 plat 18 at SoftEffectsCompute.compute(769): implicit truncation of vector type
  error: 1 plat 18 at SoftEffectsCompute.compute(817): implicit truncation of vector type
  api=18 insize=106449 outsize=7451 ok=1
Cmd: compileComputeKernel
  error: 1 plat 18 at SoftEffectsCompute.compute(674): implicit truncation of vector type
  error: 1 plat 18 at SoftEffectsCompute.compute(722): implicit truncation of vector type
  error: 1 plat 18 at SoftEffectsCompute.compute(769): implicit truncation of vector type
  error: 1 plat 18 at SoftEffectsCompute.compute(817): implicit truncation of vector type
  api=18 insize=106449 outsize=8060 ok=1
Cmd: compileComputeKernel
  error: 1 plat 18 at SoftEffectsCompute.compute(674): implicit truncation of vector type
  error: 1 plat 18 at SoftEffectsCompute.compute(722): implicit truncation of vector type
  error: 1 plat 18 at SoftEffectsCompute.compute(769): implicit truncation of vector type
  error: 1 plat 18 at SoftEffectsCompute.compute(817): implicit truncation of vector type
  api=18 insize=106449 outsize=1870 ok=1
Cmd: compileComputeKernel
  error: 1 plat 18 at SoftEffectsCompute.compute(674): implicit truncation of vector type
  error: 1 plat 18 at SoftEffectsCompute.compute(722): implicit truncation of vector type
  error: 1 plat 18 at SoftEffectsCompute.compute(769): implicit truncation of vector type
  error: 1 plat 18 at SoftEffectsCompute.compute(817): implicit truncation of vector type
  error: 1 plat 18 at SoftEffectsCompute.compute(3196): integer divides may be much slower, try using uints if possible.
  api=18 insize=106449 outsize=16832 ok=1
Cmd: compileComputeKernel
  error: 1 plat 18 at SoftEffectsCompute.compute(674): implicit truncation of vector type
  error: 1 plat 18 at SoftEffectsCompute.compute(722): implicit truncation of vector type
  error: 1 plat 18 at SoftEffectsCompute.compute(769): implicit truncation of vector type
  error: 1 plat 18 at SoftEffectsCompute.compute(817): implicit truncation of vector type
  api=18 insize=106449 outsize=7981 ok=1
Cmd: compileComputeKernel
  error: 1 plat 18 at SoftEffectsCompute.compute(674): implicit truncation of vector type
  error: 1 plat 18 at SoftEffectsCompute.compute(722): implicit truncation of vector type
  error: 1 plat 18 at SoftEffectsCompute.compute(769): implicit truncation of vector type
  error: 1 plat 18 at SoftEffectsCompute.compute(817): implicit truncation of vector type
  api=18 insize=106449 outsize=9693 ok=1
Cmd: compileComputeKernel
  error: 1 plat 18 at SoftEffectsCompute.compute(674): implicit truncation of vector type
  error: 1 plat 18 at SoftEffectsCompute.compute(722): implicit truncation of vector type
  error: 1 plat 18 at SoftEffectsCompute.compute(769): implicit truncation of vector type
  error: 1 plat 18 at SoftEffectsCompute.compute(817): implicit truncation of vector type
  api=18 insize=106449 outsize=9722 ok=1
Cmd: compileComputeKernel
  error: 1 plat 18 at SoftEffectsCompute.compute(674): implicit truncation of vector type
  error: 1 plat 18 at SoftEffectsCompute.compute(722): implicit truncation of vector type
  error: 1 plat 18 at SoftEffectsCompute.compute(769): implicit truncation of vector type
  error: 1 plat 18 at SoftEffectsCompute.compute(817): implicit truncation of vector type
  api=18 insize=106449 outsize=12399 ok=1
Cmd: compileComputeKernel
  error: 1 plat 18 at SoftEffectsCompute.compute(674): implicit truncation of vector type
  error: 1 plat 18 at SoftEffectsCompute.compute(722): implicit truncation of vector type
  error: 1 plat 18 at SoftEffectsCompute.compute(769): implicit truncation of vector type
  error: 1 plat 18 at SoftEffectsCompute.compute(817): implicit truncation of vector type
  error: 1 plat 18 at SoftEffectsCompute.compute(2356): integer divides may be much slower, try using uints if possible.
  api=18 insize=106449 outsize=15762 ok=1
Cmd: compileComputeKernel
  error: 1 plat 18 at SoftEffectsCompute.compute(674): implicit truncation of vector type
  error: 1 plat 18 at SoftEffectsCompute.compute(722): implicit truncation of vector type
  error: 1 plat 18 at SoftEffectsCompute.compute(769): implicit truncation of vector type
  error: 1 plat 18 at SoftEffectsCompute.compute(817): implicit truncation of vector type
  api=18 insize=106449 outsize=9624 ok=1
Cmd: compileComputeKernel
  error: 1 plat 18 at SoftEffectsCompute.compute(674): implicit truncation of vector type
  error: 1 plat 18 at SoftEffectsCompute.compute(722): implicit truncation of vector type
  error: 1 plat 18 at SoftEffectsCompute.compute(769): implicit truncation of vector type
  error: 1 plat 18 at SoftEffectsCompute.compute(817): implicit truncation of vector type
  api=18 insize=106449 outsize=8193 ok=1
Cmd: compileComputeKernel
  error: 1 plat 18 at SoftEffectsCompute.compute(674): implicit truncation of vector type
  error: 1 plat 18 at SoftEffectsCompute.compute(722): implicit truncation of vector type
  error: 1 plat 18 at SoftEffectsCompute.compute(769): implicit truncation of vector type
  error: 1 plat 18 at SoftEffectsCompute.compute(817): implicit truncation of vector type
  api=18 insize=106449 outsize=6686 ok=1
Cmd: compileComputeKernel
  error: 1 plat 18 at SoftEffectsCompute.compute(674): implicit truncation of vector type
  error: 1 plat 18 at SoftEffectsCompute.compute(722): implicit truncation of vector type
  error: 1 plat 18 at SoftEffectsCompute.compute(769): implicit truncation of vector type
  error: 1 plat 18 at SoftEffectsCompute.compute(817): implicit truncation of vector type
  api=18 insize=106449 outsize=8254 ok=1
Cmd: compileComputeKernel
  error: 1 plat 9 at SoftEffectsCompute.compute(674): implicit truncation of vector type
  error: 1 plat 9 at SoftEffectsCompute.compute(722): implicit truncation of vector type
  error: 1 plat 9 at SoftEffectsCompute.compute(769): implicit truncation of vector type
  error: 1 plat 9 at SoftEffectsCompute.compute(817): implicit truncation of vector type
  api=9 insize=106449 outsize=4930 ok=1
Cmd: compileComputeKernel
  error: 1 plat 9 at SoftEffectsCompute.compute(674): implicit truncation of vector type
  error: 1 plat 9 at SoftEffectsCompute.compute(722): implicit truncation of vector type
  error: 1 plat 9 at SoftEffectsCompute.compute(769): implicit truncation of vector type
  error: 1 plat 9 at SoftEffectsCompute.compute(817): implicit truncation of vector type
  api=9 insize=106449 outsize=4408 ok=1
Cmd: compileComputeKernel
  error: 1 plat 9 at SoftEffectsCompute.compute(674): implicit truncation of vector type
  error: 1 plat 9 at SoftEffectsCompute.compute(722): implicit truncation of vector type
  error: 1 plat 9 at SoftEffectsCompute.compute(769): implicit truncation of vector type
  error: 1 plat 9 at SoftEffectsCompute.compute(817): implicit truncation of vector type
  api=9 insize=106449 outsize=3386 ok=1
Cmd: compileComputeKernel
  error: 1 plat 9 at SoftEffectsCompute.compute(674): implicit truncation of vector type
  error: 1 plat 9 at SoftEffectsCompute.compute(722): implicit truncation of vector type
  error: 1 plat 9 at SoftEffectsCompute.compute(769): implicit truncation of vector type
  error: 1 plat 9 at SoftEffectsCompute.compute(817): implicit truncation of vector type
  api=9 insize=106449 outsize=3249 ok=1
Cmd: compileComputeKernel
  error: 1 plat 9 at SoftEffectsCompute.compute(674): implicit truncation of vector type
  error: 1 plat 9 at SoftEffectsCompute.compute(722): implicit truncation of vector type
  error: 1 plat 9 at SoftEffectsCompute.compute(769): implicit truncation of vector type
  error: 1 plat 9 at SoftEffectsCompute.compute(817): implicit truncation of vector type
  api=9 insize=106449 outsize=4614 ok=1
Cmd: compileComputeKernel
  error: 1 plat 9 at SoftEffectsCompute.compute(674): implicit truncation of vector type
  error: 1 plat 9 at SoftEffectsCompute.compute(722): implicit truncation of vector type
  error: 1 plat 9 at SoftEffectsCompute.compute(769): implicit truncation of vector type
  error: 1 plat 9 at SoftEffectsCompute.compute(817): implicit truncation of vector type
  api=9 insize=106449 outsize=4810 ok=1
Cmd: compileComputeKernel
  error: 1 plat 9 at SoftEffectsCompute.compute(674): implicit truncation of vector type
  error: 1 plat 9 at SoftEffectsCompute.compute(722): implicit truncation of vector type
  error: 1 plat 9 at SoftEffectsCompute.compute(769): implicit truncation of vector type
  error: 1 plat 9 at SoftEffectsCompute.compute(817): implicit truncation of vector type
  api=9 insize=106449 outsize=4063 ok=1
Cmd: compileComputeKernel
  error: 1 plat 9 at SoftEffectsCompute.compute(674): implicit truncation of vector type
  error: 1 plat 9 at SoftEffectsCompute.compute(722): implicit truncation of vector type
  error: 1 plat 9 at SoftEffectsCompute.compute(769): implicit truncation of vector type
  error: 1 plat 9 at SoftEffectsCompute.compute(817): implicit truncation of vector type
  api=9 insize=106449 outsize=4111 ok=1
Cmd: compileComputeKernel
  error: 1 plat 9 at SoftEffectsCompute.compute(674): implicit truncation of vector type
  error: 1 plat 9 at SoftEffectsCompute.compute(722): implicit truncation of vector type
  error: 1 plat 9 at SoftEffectsCompute.compute(769): implicit truncation of vector type
  error: 1 plat 9 at SoftEffectsCompute.compute(817): implicit truncation of vector type
  api=9 insize=106449 outsize=977 ok=1
Cmd: compileComputeKernel
  error: 1 plat 9 at SoftEffectsCompute.compute(674): implicit truncation of vector type
  error: 1 plat 9 at SoftEffectsCompute.compute(722): implicit truncation of vector type
  error: 1 plat 9 at SoftEffectsCompute.compute(769): implicit truncation of vector type
  error: 1 plat 9 at SoftEffectsCompute.compute(817): implicit truncation of vector type
  api=9 insize=106449 outsize=4312 ok=1
Cmd: compileComputeKernel
  error: 1 plat 9 at SoftEffectsCompute.compute(674): implicit truncation of vector type
  error: 1 plat 9 at SoftEffectsCompute.compute(722): implicit truncation of vector type
  error: 1 plat 9 at SoftEffectsCompute.compute(769): implicit truncation of vector type
  error: 1 plat 9 at SoftEffectsCompute.compute(817): implicit truncation of vector type
  api=9 insize=106449 outsize=4348 ok=1
Cmd: compileComputeKernel
  error: 1 plat 9 at SoftEffectsCompute.compute(674): implicit truncation of vector type
  error: 1 plat 9 at SoftEffectsCompute.compute(722): implicit truncation of vector type
  error: 1 plat 9 at SoftEffectsCompute.compute(769): implicit truncation of vector type
  error: 1 plat 9 at SoftEffectsCompute.compute(817): implicit truncation of vector type
  api=9 insize=106449 outsize=4310 ok=1
Cmd: compileComputeKernel
  error: 1 plat 9 at SoftEffectsCompute.compute(674): implicit truncation of vector type
  error: 1 plat 9 at SoftEffectsCompute.compute(722): implicit truncation of vector type
  error: 1 plat 9 at SoftEffectsCompute.compute(769): implicit truncation of vector type
  error: 1 plat 9 at SoftEffectsCompute.compute(817): implicit truncation of vector type
  api=9 insize=106449 outsize=4007 ok=1
Cmd: compileComputeKernel
  error: 1 plat 9 at SoftEffectsCompute.compute(674): implicit truncation of vector type
  error: 1 plat 9 at SoftEffectsCompute.compute(722): implicit truncation of vector type
  error: 1 plat 9 at SoftEffectsCompute.compute(769): implicit truncation of vector type
  error: 1 plat 9 at SoftEffectsCompute.compute(817): implicit truncation of vector type
  api=9 insize=106449 outsize=3752 ok=1
Cmd: compileComputeKernel
  error: 1 plat 9 at SoftEffectsCompute.compute(674): implicit truncation of vector type
  error: 1 plat 9 at SoftEffectsCompute.compute(722): implicit truncation of vector type
  error: 1 plat 9 at SoftEffectsCompute.compute(769): implicit truncation of vector type
  error: 1 plat 9 at SoftEffectsCompute.compute(817): implicit truncation of vector type
  error: 1 plat 9 at SoftEffectsCompute.compute(2356): integer divides may be much slower, try using uints if possible.
  api=9 insize=106449 outsize=7347 ok=1
Cmd: compileComputeKernel
  error: 1 plat 9 at SoftEffectsCompute.compute(674): implicit truncation of vector type
  error: 1 plat 9 at SoftEffectsCompute.compute(722): implicit truncation of vector type
  error: 1 plat 9 at SoftEffectsCompute.compute(769): implicit truncation of vector type
  error: 1 plat 9 at SoftEffectsCompute.compute(817): implicit truncation of vector type
  error: 1 plat 9 at SoftEffectsCompute.compute(2389): integer divides may be much slower, try using uints if possible.
  api=9 insize=106449 outsize=7682 ok=1
Cmd: compileComputeKernel
  error: 1 plat 9 at SoftEffectsCompute.compute(674): implicit truncation of vector type
  error: 1 plat 9 at SoftEffectsCompute.compute(722): implicit truncation of vector type
  error: 1 plat 9 at SoftEffectsCompute.compute(769): implicit truncation of vector type
  error: 1 plat 9 at SoftEffectsCompute.compute(817): implicit truncation of vector type
  api=9 insize=106449 outsize=3639 ok=1
Cmd: compileComputeKernel
  error: 1 plat 9 at SoftEffectsCompute.compute(674): implicit truncation of vector type
  error: 1 plat 9 at SoftEffectsCompute.compute(722): implicit truncation of vector type
  error: 1 plat 9 at SoftEffectsCompute.compute(769): implicit truncation of vector type
  error: 1 plat 9 at SoftEffectsCompute.compute(817): implicit truncation of vector type
  api=9 insize=106449 outsize=2975 ok=1
Cmd: compileComputeKernel
  error: 1 plat 4 at SoftEffectsCompute.compute(674): implicit truncation of vector type
  error: 1 plat 4 at SoftEffectsCompute.compute(722): implicit truncation of vector type
  error: 1 plat 4 at SoftEffectsCompute.compute(769): implicit truncation of vector type
  error: 1 plat 4 at SoftEffectsCompute.compute(817): implicit truncation of vector type
  api=4 insize=106449 outsize=633 ok=1
Cmd: compileComputeKernel
  error: 1 plat 4 at SoftEffectsCompute.compute(674): implicit truncation of vector type
  error: 1 plat 4 at SoftEffectsCompute.compute(722): implicit truncation of vector type
  error: 1 plat 4 at SoftEffectsCompute.compute(769): implicit truncation of vector type
  error: 1 plat 4 at SoftEffectsCompute.compute(817): implicit truncation of vector type
  api=4 insize=106449 outsize=1697 ok=1
Cmd: compileComputeKernel
  error: 1 plat 4 at SoftEffectsCompute.compute(674): implicit truncation of vector type
  error: 1 plat 4 at SoftEffectsCompute.compute(722): implicit truncation of vector type
  error: 1 plat 4 at SoftEffectsCompute.compute(769): implicit truncation of vector type
  error: 1 plat 4 at SoftEffectsCompute.compute(817): implicit truncation of vector type
  api=4 insize=106449 outsize=401 ok=1
Cmd: compileComputeKernel
  error: 1 plat 4 at SoftEffectsCompute.compute(674): implicit truncation of vector type
  error: 1 plat 4 at SoftEffectsCompute.compute(722): implicit truncation of vector type
  error: 1 plat 4 at SoftEffectsCompute.compute(769): implicit truncation of vector type
  error: 1 plat 4 at SoftEffectsCompute.compute(817): implicit truncation of vector type
  api=4 insize=106449 outsize=1448 ok=1
Cmd: compileComputeKernel
  error: 1 plat 4 at SoftEffectsCompute.compute(674): implicit truncation of vector type
  error: 1 plat 4 at SoftEffectsCompute.compute(722): implicit truncation of vector type
  error: 1 plat 4 at SoftEffectsCompute.compute(769): implicit truncation of vector type
  error: 1 plat 4 at SoftEffectsCompute.compute(817): implicit truncation of vector type
  api=4 insize=106449 outsize=620 ok=1
Cmd: compileComputeKernel
  error: 1 plat 4 at SoftEffectsCompute.compute(674): implicit truncation of vector type
  error: 1 plat 4 at SoftEffectsCompute.compute(722): implicit truncation of vector type
  error: 1 plat 4 at SoftEffectsCompute.compute(769): implicit truncation of vector type
  error: 1 plat 4 at SoftEffectsCompute.compute(817): implicit truncation of vector type
  api=4 insize=106449 outsize=846 ok=1
Cmd: compileComputeKernel
  error: 1 plat 4 at SoftEffectsCompute.compute(674): implicit truncation of vector type
  error: 1 plat 4 at SoftEffectsCompute.compute(722): implicit truncation of vector type
  error: 1 plat 4 at SoftEffectsCompute.compute(769): implicit truncation of vector type
  error: 1 plat 4 at SoftEffectsCompute.compute(817): implicit truncation of vector type
  api=4 insize=106449 outsize=1432 ok=1
Cmd: compileComputeKernel
  error: 1 plat 4 at SoftEffectsCompute.compute(674): implicit truncation of vector type
  error: 1 plat 4 at SoftEffectsCompute.compute(722): implicit truncation of vector type
  error: 1 plat 4 at SoftEffectsCompute.compute(769): implicit truncation of vector type
  error: 1 plat 4 at SoftEffectsCompute.compute(817): implicit truncation of vector type
  api=4 insize=106449 outsize=1351 ok=1
Cmd: compileComputeKernel
  error: 1 plat 4 at SoftEffectsCompute.compute(674): implicit truncation of vector type
  error: 1 plat 4 at SoftEffectsCompute.compute(722): implicit truncation of vector type
  error: 1 plat 4 at SoftEffectsCompute.compute(769): implicit truncation of vector type
  error: 1 plat 4 at SoftEffectsCompute.compute(817): implicit truncation of vector type
  api=4 insize=106449 outsize=405 ok=1
Cmd: compileComputeKernel
  error: 1 plat 4 at SoftEffectsCompute.compute(674): implicit truncation of vector type
  error: 1 plat 4 at SoftEffectsCompute.compute(722): implicit truncation of vector type
  error: 1 plat 4 at SoftEffectsCompute.compute(769): implicit truncation of vector type
  error: 1 plat 4 at SoftEffectsCompute.compute(817): implicit truncation of vector type
  api=4 insize=106449 outsize=1003 ok=1
Cmd: compileComputeKernel
  error: 1 plat 4 at SoftEffectsCompute.compute(674): implicit truncation of vector type
  error: 1 plat 4 at SoftEffectsCompute.compute(722): implicit truncation of vector type
  error: 1 plat 4 at SoftEffectsCompute.compute(769): implicit truncation of vector type
  error: 1 plat 4 at SoftEffectsCompute.compute(817): implicit truncation of vector type
  api=4 insize=106449 outsize=482 ok=1
Cmd: compileComputeKernel
  error: 1 plat 4 at SoftEffectsCompute.compute(674): implicit truncation of vector type
  error: 1 plat 4 at SoftEffectsCompute.compute(722): implicit truncation of vector type
  error: 1 plat 4 at SoftEffectsCompute.compute(769): implicit truncation of vector type
  error: 1 plat 4 at SoftEffectsCompute.compute(817): implicit truncation of vector type
  api=4 insize=106449 outsize=1893 ok=1
Cmd: compileComputeKernel
  error: 1 plat 4 at SoftEffectsCompute.compute(674): implicit truncation of vector type
  error: 1 plat 4 at SoftEffectsCompute.compute(722): implicit truncation of vector type
  error: 1 plat 4 at SoftEffectsCompute.compute(769): implicit truncation of vector type
  error: 1 plat 4 at SoftEffectsCompute.compute(817): implicit truncation of vector type
  api=4 insize=106449 outsize=1630 ok=1
Cmd: compileComputeKernel
  error: 1 plat 4 at SoftEffectsCompute.compute(674): implicit truncation of vector type
  error: 1 plat 4 at SoftEffectsCompute.compute(722): implicit truncation of vector type
  error: 1 plat 4 at SoftEffectsCompute.compute(769): implicit truncation of vector type
  error: 1 plat 4 at SoftEffectsCompute.compute(817): implicit truncation of vector type
  api=4 insize=106449 outsize=1501 ok=1
Cmd: compileComputeKernel
  error: 1 plat 4 at SoftEffectsCompute.compute(674): implicit truncation of vector type
  error: 1 plat 4 at SoftEffectsCompute.compute(722): implicit truncation of vector type
  error: 1 plat 4 at SoftEffectsCompute.compute(769): implicit truncation of vector type
  error: 1 plat 4 at SoftEffectsCompute.compute(817): implicit truncation of vector type
  api=4 insize=106449 outsize=1479 ok=1
Cmd: compileComputeKernel
  error: 1 plat 4 at SoftEffectsCompute.compute(674): implicit truncation of vector type
  error: 1 plat 4 at SoftEffectsCompute.compute(722): implicit truncation of vector type
  error: 1 plat 4 at SoftEffectsCompute.compute(769): implicit truncation of vector type
  error: 1 plat 4 at SoftEffectsCompute.compute(817): implicit truncation of vector type
  api=4 insize=106449 outsize=1551 ok=1
Cmd: compileComputeKernel
  error: 1 plat 4 at SoftEffectsCompute.compute(674): implicit truncation of vector type
  error: 1 plat 4 at SoftEffectsCompute.compute(722): implicit truncation of vector type
  error: 1 plat 4 at SoftEffectsCompute.compute(769): implicit truncation of vector type
  error: 1 plat 4 at SoftEffectsCompute.compute(817): implicit truncation of vector type
  api=4 insize=106449 outsize=1715 ok=1
Cmd: compileComputeKernel
  error: 1 plat 4 at SoftEffectsCompute.compute(674): implicit truncation of vector type
  error: 1 plat 4 at SoftEffectsCompute.compute(722): implicit truncation of vector type
  error: 1 plat 4 at SoftEffectsCompute.compute(769): implicit truncation of vector type
  error: 1 plat 4 at SoftEffectsCompute.compute(817): implicit truncation of vector type
  api=4 insize=106449 outsize=1515 ok=1
Cmd: compileComputeKernel
  error: 1 plat 4 at SoftEffectsCompute.compute(674): implicit truncation of vector type
  error: 1 plat 4 at SoftEffectsCompute.compute(722): implicit truncation of vector type
  error: 1 plat 4 at SoftEffectsCompute.compute(769): implicit truncation of vector type
  error: 1 plat 4 at SoftEffectsCompute.compute(817): implicit truncation of vector type
  error: 1 plat 4 at SoftEffectsCompute.compute(2356): integer divides may be much slower, try using uints if possible.
  api=4 insize=106449 outsize=3286 ok=1
Cmd: compileComputeKernel
  error: 1 plat 4 at SoftEffectsCompute.compute(674): implicit truncation of vector type
  error: 1 plat 4 at SoftEffectsCompute.compute(722): implicit truncation of vector type
  error: 1 plat 4 at SoftEffectsCompute.compute(769): implicit truncation of vector type
  error: 1 plat 4 at SoftEffectsCompute.compute(817): implicit truncation of vector type
  api=4 insize=106449 outsize=1664 ok=1
Cmd: compileComputeKernel
  error: 1 plat 4 at SoftEffectsCompute.compute(674): implicit truncation of vector type
  error: 1 plat 4 at SoftEffectsCompute.compute(722): implicit truncation of vector type
  error: 1 plat 4 at SoftEffectsCompute.compute(769): implicit truncation of vector type
  error: 1 plat 4 at SoftEffectsCompute.compute(817): implicit truncation of vector type
  api=4 insize=106449 outsize=872 ok=1
Cmd: compileComputeKernel
  error: 1 plat 4 at SoftEffectsCompute.compute(674): implicit truncation of vector type
  error: 1 plat 4 at SoftEffectsCompute.compute(722): implicit truncation of vector type
  error: 1 plat 4 at SoftEffectsCompute.compute(769): implicit truncation of vector type
  error: 1 plat 4 at SoftEffectsCompute.compute(817): implicit truncation of vector type
  api=4 insize=106449 outsize=852 ok=1
